<?xml version="1.0" encoding="UTF-8"?>
<!-- Generated by org.testng.reporters.JUnitReportReporter -->
<testsuite hostname="DESKTOP-9QNFISG" failures="0" tests="2" name="AccountDepartment.SavingAccountTest" time="0.002" errors="0" timestamp="29 Dec 2024 12:32:56 GMT">
  <testcase classname="AccountDepartment.SavingAccountTest" name="JointAccount" time="0.000"/>
  <testcase classname="AccountDepartment.SavingAccountTest" name="personalsAccount" time="0.002"/>
</testsuite>
