<?xml version="1.0" encoding="UTF-8"?>
<!-- Generated by org.testng.reporters.JUnitReportReporter -->
<testsuite hostname="DESKTOP-9QNFISG" failures="0" tests="2" name="AccountDepartment.CuurentAccountTest" time="0.011" errors="0" timestamp="29 Dec 2024 12:32:56 GMT">
  <testcase classname="AccountDepartment.CuurentAccountTest" name="jointlAccount" time="0.011"/>
  <testcase classname="AccountDepartment.CuurentAccountTest" name="personalAccount" time="0.000"/>
</testsuite>
